<?xml version="1.0" encoding="utf-8"?><testsuites name="pytest tests"><testsuite name="pytest" errors="0" failures="0" skipped="0" tests="17" time="3.562" timestamp="2026-04-11T06:14:04.709846+00:00" hostname="agent-env-09ee8103-f9e5-40cc-9605-f039f1e6a42a"><testcase classname="backend.tests.test_tratorshop_features.TestWhatsAppValidation" name="test_register_without_whatsapp_fails" time="0.227" /><testcase classname="backend.tests.test_tratorshop_features.TestWhatsAppValidation" name="test_register_with_short_whatsapp_fails" time="0.148" /><testcase classname="backend.tests.test_tratorshop_features.TestWhatsAppValidation" name="test_register_with_valid_whatsapp_succeeds" time="0.128" /><testcase classname="backend.tests.test_tratorshop_features.TestVendedorAPI" name="test_vendedor_endpoint_returns_social_fields" time="0.350" /><testcase classname="backend.tests.test_tratorshop_features.TestAdminUserEdit" name="test_admin_can_update_user_name" time="0.369" /><testcase classname="backend.tests.test_tratorshop_features.TestAdminUserEdit" name="test_admin_can_update_user_status" time="0.273" /><testcase classname="backend.tests.test_tratorshop_features.TestAdminUserEdit" name="test_admin_can_update_user_whatsapp" time="0.219" /><testcase classname="backend.tests.test_tratorshop_features.TestAdminUserEdit" name="test_admin_can_update_user_social_links" time="0.249" /><testcase classname="backend.tests.test_tratorshop_features.TestAdminUserEdit" name="test_admin_can_update_user_password" time="0.266" /><testcase classname="backend.tests.test_tratorshop_features.TestDuplicateListingProtection" name="test_duplicate_listing_returns_existing" time="0.290" /><testcase classname="backend.tests.test_tratorshop_features.TestPublicEndpoints" name="test_cities_endpoint" time="0.094" /><testcase classname="backend.tests.test_tratorshop_features.TestPublicEndpoints" name="test_listings_endpoint" time="0.123" /><testcase classname="backend.tests.test_tratorshop_features.TestPublicEndpoints" name="test_stats_endpoint" time="0.151" /><testcase classname="backend.tests.test_tratorshop_features.TestPublicEndpoints" name="test_plans_endpoint" time="0.160" /><testcase classname="backend.tests.test_tratorshop_features.TestAdminAuth" name="test_admin_login_success" time="0.179" /><testcase classname="backend.tests.test_tratorshop_features.TestAdminAuth" name="test_admin_login_wrong_password" time="0.136" /><testcase classname="backend.tests.test_tratorshop_features.TestAdminAuth" name="test_admin_stats_requires_auth" time="0.112" /></testsuite></testsuites>