<?xml version="1.0" encoding="utf-8"?><testsuites name="pytest tests"><testsuite name="pytest" errors="0" failures="0" skipped="1" tests="15" time="2.757" timestamp="2026-05-04T04:20:05.771409+00:00" hostname="agent-env-09ee8103-f9e5-40cc-9605-f039f1e6a42a"><testcase classname="backend.tests.test_push_notifications.TestVAPIDPublicKey" name="test_vapid_public_key_returns_key" time="0.136" /><testcase classname="backend.tests.test_push_notifications.TestPushSubscribe" name="test_subscribe_requires_auth" time="0.109" /><testcase classname="backend.tests.test_push_notifications.TestPushSubscribe" name="test_subscribe_creates_subscription" time="0.195" /><testcase classname="backend.tests.test_push_notifications.TestPushSubscribe" name="test_subscribe_updates_existing_subscription" time="0.289" /><testcase classname="backend.tests.test_push_notifications.TestPushUnsubscribe" name="test_unsubscribe_requires_auth" time="0.124" /><testcase classname="backend.tests.test_push_notifications.TestPushUnsubscribe" name="test_unsubscribe_removes_subscriptions" time="0.254" /><testcase classname="backend.tests.test_push_notifications.TestPushTestNotification" name="test_test_notification_requires_auth" time="0.109" /><testcase classname="backend.tests.test_push_notifications.TestPushTestNotification" name="test_test_notification_without_subscription_fails" time="0.219" /><testcase classname="backend.tests.test_push_notifications.TestPushTestNotification" name="test_test_notification_with_subscription" time="0.294" /><testcase classname="backend.tests.test_push_notifications.TestApproveUserWithPush" name="test_approve_user_endpoint_exists" time="0.202" /><testcase classname="backend.tests.test_push_notifications.TestApproveUserWithPush" name="test_approve_user_requires_admin" time="0.114" /><testcase classname="backend.tests.test_push_notifications.TestApproveUserWithPush" name="test_approve_pending_user" time="0.184"><skipped type="pytest.skip" message="No pending user found to test approval">/app/backend/tests/test_push_notifications.py:271: No pending user found to test approval</skipped></testcase><testcase classname="backend.tests.test_push_notifications.TestServiceWorkerFile" name="test_service_worker_accessible" time="0.106" /><testcase classname="backend.tests.test_push_notifications.TestPushSubscriptionValidation" name="test_subscribe_requires_endpoint" time="0.177" /><testcase classname="backend.tests.test_push_notifications.TestPushSubscriptionValidation" name="test_subscribe_requires_keys" time="0.175" /></testsuite></testsuites>